# JRE version: OpenJDK Runtime Environment (8.0_152-b01) (build 1.8.0_152-release-1343-b01)
# Java VM: OpenJDK 64-Bit Server VM (25.152-b01 mixed mode windows-amd64 compressed oops)
Heap:
 PSYoungGen      total 218112K, used 168832K [0x00000000e0000000, 0x00000000f0000000, 0x0000000100000000)
  eden space 188416K, 73% used [0x00000000e0000000,0x00000000e87e40a0,0x00000000eb800000)
  from space 29696K, 99% used [0x00000000edb00000,0x00000000ef7fc218,0x00000000ef800000)
  to   space 35840K, 0% used [0x00000000eb800000,0x00000000eb800000,0x00000000edb00000)
 ParOldGen       total 84480K, used 62325K [0x00000000a0000000, 0x00000000a5280000, 0x00000000e0000000)
  object space 84480K, 73% used [0x00000000a0000000,0x00000000a3cdd710,0x00000000a5280000)
 Metaspace       used 85731K, capacity 89032K, committed 89088K, reserved 1126400K
  class space    used 11049K, capacity 11757K, committed 11776K, reserved 1048576K
GC Heap History (10 events):
Event: 29.512 GC heap before
{Heap before GC invocations=19 (full 3):
 PSYoungGen      total 143872K, used 130048K [0x00000000e0000000, 0x00000000eba80000, 0x0000000100000000)
  eden space 130048K, 100% used [0x00000000e0000000,0x00000000e7f00000,0x00000000e7f00000)
  from space 13824K, 0% used [0x00000000e7f00000,0x00000000e7f00000,0x00000000e8c80000)
  to   space 13824K, 0% used [0x00000000ead00000,0x00000000ead00000,0x00000000eba80000)
 ParOldGen       total 84480K, used 30478K [0x00000000a0000000, 0x00000000a5280000, 0x00000000e0000000)
  object space 84480K, 36% used [0x00000000a0000000,0x00000000a1dc39e0,0x00000000a5280000)
 Metaspace       used 64600K, capacity 66492K, committed 66816K, reserved 1107968K
  class space    used 8673K, capacity 9120K, committed 9216K, reserved 1048576K
Event: 29.556 GC heap after
Heap after GC invocations=19 (full 3):
 PSYoungGen      total 167424K, used 13006K [0x00000000e0000000, 0x00000000eba00000, 0x0000000100000000)
  eden space 154112K, 0% used [0x00000000e0000000,0x00000000e0000000,0x00000000e9680000)
  from space 13312K, 97% used [0x00000000ead00000,0x00000000eb9b3b60,0x00000000eba00000)
  to   space 15360K, 0% used [0x00000000e9c00000,0x00000000e9c00000,0x00000000eab00000)
 ParOldGen       total 84480K, used 30478K [0x00000000a0000000, 0x00000000a5280000, 0x00000000e0000000)
  object space 84480K, 36% used [0x00000000a0000000,0x00000000a1dc39e0,0x00000000a5280000)
 Metaspace       used 64600K, capacity 66492K, committed 66816K, reserved 1107968K
  class space    used 8673K, capacity 9120K, committed 9216K, reserved 1048576K
}
Event: 32.736 GC heap before
{Heap before GC invocations=20 (full 3):
 PSYoungGen      total 167424K, used 167118K [0x00000000e0000000, 0x00000000eba00000, 0x0000000100000000)
  eden space 154112K, 100% used [0x00000000e0000000,0x00000000e9680000,0x00000000e9680000)
  from space 13312K, 97% used [0x00000000ead00000,0x00000000eb9b3b60,0x00000000eba00000)
  to   space 15360K, 0% used [0x00000000e9c00000,0x00000000e9c00000,0x00000000eab00000)
 ParOldGen       total 84480K, used 30478K [0x00000000a0000000, 0x00000000a5280000, 0x00000000e0000000)
  object space 84480K, 36% used [0x00000000a0000000,0x00000000a1dc39e0,0x00000000a5280000)
 Metaspace       used 66849K, capacity 68838K, committed 68992K, reserved 1107968K
  class space    used 9040K, capacity 9514K, committed 9600K, reserved 1048576K
Event: 32.828 GC heap after
Heap after GC invocations=20 (full 3):
 PSYoungGen      total 175104K, used 15356K [0x00000000e0000000, 0x00000000ed500000, 0x0000000100000000)
  eden space 159744K, 0% used [0x00000000e0000000,0x00000000e0000000,0x00000000e9c00000)
  from space 15360K, 99% used [0x00000000e9c00000,0x00000000eaaff040,0x00000000eab00000)
  to   space 19968K, 0% used [0x00000000ec180000,0x00000000ec180000,0x00000000ed500000)
 ParOldGen       total 84480K, used 36743K [0x00000000a0000000, 0x00000000a5280000, 0x00000000e0000000)
  object space 84480K, 43% used [0x00000000a0000000,0x00000000a23e1ff8,0x00000000a5280000)
 Metaspace       used 66849K, capacity 68838K, committed 68992K, reserved 1107968K
  class space    used 9040K, capacity 9514K, committed 9600K, reserved 1048576K
}
Event: 44.325 GC heap before
{Heap before GC invocations=21 (full 3):
 PSYoungGen      total 175104K, used 175100K [0x00000000e0000000, 0x00000000ed500000, 0x0000000100000000)
  eden space 159744K, 100% used [0x00000000e0000000,0x00000000e9c00000,0x00000000e9c00000)
  from space 15360K, 99% used [0x00000000e9c00000,0x00000000eaaff040,0x00000000eab00000)
  to   space 19968K, 0% used [0x00000000ec180000,0x00000000ec180000,0x00000000ed500000)
 ParOldGen       total 84480K, used 36743K [0x00000000a0000000, 0x00000000a5280000, 0x00000000e0000000)
  object space 84480K, 43% used [0x00000000a0000000,0x00000000a23e1ff8,0x00000000a5280000)
 Metaspace       used 73919K, capacity 76194K, committed 76544K, reserved 1116160K
  class space    used 9863K, capacity 10382K, committed 10496K, reserved 1048576K
Event: 44.386 GC heap after
Heap after GC invocations=21 (full 3):
 PSYoungGen      total 190976K, used 19941K [0x00000000e0000000, 0x00000000ee680000, 0x0000000100000000)
  eden space 171008K, 0% used [0x00000000e0000000,0x00000000e0000000,0x00000000ea700000)
  from space 19968K, 99% used [0x00000000ec180000,0x00000000ed4f96d0,0x00000000ed500000)
  to   space 27136K, 0% used [0x00000000ea700000,0x00000000ea700000,0x00000000ec180000)
 ParOldGen       total 84480K, used 47512K [0x00000000a0000000, 0x00000000a5280000, 0x00000000e0000000)
  object space 84480K, 56% used [0x00000000a0000000,0x00000000a2e66330,0x00000000a5280000)
 Metaspace       used 73919K, capacity 76194K, committed 76544K, reserved 1116160K
  class space    used 9863K, capacity 10382K, committed 10496K, reserved 1048576K
}
Event: 58.881 GC heap before
{Heap before GC invocations=22 (full 3):
 PSYoungGen      total 190976K, used 190949K [0x00000000e0000000, 0x00000000ee680000, 0x0000000100000000)
  eden space 171008K, 100% used [0x00000000e0000000,0x00000000ea700000,0x00000000ea700000)
  from space 19968K, 99% used [0x00000000ec180000,0x00000000ed4f96d0,0x00000000ed500000)
  to   space 27136K, 0% used [0x00000000ea700000,0x00000000ea700000,0x00000000ec180000)
 ParOldGen       total 84480K, used 47512K [0x00000000a0000000, 0x00000000a5280000, 0x00000000e0000000)
  object space 84480K, 56% used [0x00000000a0000000,0x00000000a2e66330,0x00000000a5280000)
 Metaspace       used 79910K, capacity 83024K, committed 83072K, reserved 1122304K
  class space    used 10439K, capacity 11109K, committed 11136K, reserved 1048576K
Event: 59.060 GC heap after
Heap after GC invocations=22 (full 3):
 PSYoungGen      total 198144K, used 22434K [0x00000000e0000000, 0x00000000ef800000, 0x0000000100000000)
  eden space 171008K, 0% used [0x00000000e0000000,0x00000000e0000000,0x00000000ea700000)
  from space 27136K, 82% used [0x00000000ea700000,0x00000000ebce8bc0,0x00000000ec180000)
  to   space 29696K, 0% used [0x00000000edb00000,0x00000000edb00000,0x00000000ef800000)
 ParOldGen       total 84480K, used 59424K [0x00000000a0000000, 0x00000000a5280000, 0x00000000e0000000)
  object space 84480K, 70% used [0x00000000a0000000,0x00000000a3a083e0,0x00000000a5280000)
 Metaspace       used 79910K, capacity 83024K, committed 83072K, reserved 1122304K
  class space    used 10439K, capacity 11109K, committed 11136K, reserved 1048576K
}
Event: 565.858 GC heap before
{Heap before GC invocations=23 (full 3):
 PSYoungGen      total 198144K, used 193442K [0x00000000e0000000, 0x00000000ef800000, 0x0000000100000000)
  eden space 171008K, 100% used [0x00000000e0000000,0x00000000ea700000,0x00000000ea700000)
  from space 27136K, 82% used [0x00000000ea700000,0x00000000ebce8bc0,0x00000000ec180000)
  to   space 29696K, 0% used [0x00000000edb00000,0x00000000edb00000,0x00000000ef800000)
 ParOldGen       total 84480K, used 59424K [0x00000000a0000000, 0x00000000a5280000, 0x00000000e0000000)
  object space 84480K, 70% used [0x00000000a0000000,0x00000000a3a083e0,0x00000000a5280000)
 Metaspace       used 82710K, capacity 86046K, committed 86272K, reserved 1124352K
  class space    used 10777K, capacity 11466K, committed 11520K, reserved 1048576K
Event: 566.038 GC heap after
Heap after GC invocations=23 (full 3):
 PSYoungGen      total 218112K, used 29680K [0x00000000e0000000, 0x00000000f0000000, 0x0000000100000000)
  eden space 188416K, 0% used [0x00000000e0000000,0x00000000e0000000,0x00000000eb800000)
  from space 29696K, 99% used [0x00000000edb00000,0x00000000ef7fc218,0x00000000ef800000)
  to   space 35840K, 0% used [0x00000000eb800000,0x00000000eb800000,0x00000000edb00000)
 ParOldGen       total 84480K, used 62325K [0x00000000a0000000, 0x00000000a5280000, 0x00000000e0000000)
  object space 84480K, 73% used [0x00000000a0000000,0x00000000a3cdd710,0x00000000a5280000)
 Metaspace       used 82710K, capacity 86046K, committed 86272K, reserved 1124352K
  class space    used 10777K, capacity 11466K, committed 11520K, reserved 1048576K
}

