# JRE version: OpenJDK Runtime Environment (8.0_152-b01) (build 1.8.0_152-release-1343-b01)
# Java VM: OpenJDK 64-Bit Server VM (25.152-b01 mixed mode windows-amd64 compressed oops)
Heap:
 PSYoungGen      total 165376K, used 5775K [0x00000000e0000000, 0x00000000eb180000, 0x0000000100000000)
  eden space 149504K, 3% used [0x00000000e0000000,0x00000000e05a3f60,0x00000000e9200000)
  from space 15872K, 0% used [0x00000000e9200000,0x00000000e9200000,0x00000000ea180000)
  to   space 14848K, 0% used [0x00000000ea180000,0x00000000ea180000,0x00000000eb000000)
 ParOldGen       total 82944K, used 28357K [0x00000000a0000000, 0x00000000a5100000, 0x00000000e0000000)
  object space 82944K, 34% used [0x00000000a0000000,0x00000000a1bb14d8,0x00000000a5100000)
 Metaspace       used 57735K, capacity 59298K, committed 59480K, reserved 1099776K
  class space    used 7775K, capacity 8154K, committed 8280K, reserved 1048576K
GC Heap History (10 events):
Event: 16.231 GC heap before
{Heap before GC invocations=12 (full 2):
 PSYoungGen      total 133120K, used 6654K [0x00000000e0000000, 0x00000000ead00000, 0x0000000100000000)
  eden space 121344K, 0% used [0x00000000e0000000,0x00000000e0000000,0x00000000e7680000)
  from space 11776K, 56% used [0x00000000e8200000,0x00000000e887f980,0x00000000e8d80000)
  to   space 11776K, 0% used [0x00000000e7680000,0x00000000e7680000,0x00000000e8200000)
 ParOldGen       total 37376K, used 15776K [0x00000000a0000000, 0x00000000a2480000, 0x00000000e0000000)
  object space 37376K, 42% used [0x00000000a0000000,0x00000000a0f68328,0x00000000a2480000)
 Metaspace       used 34734K, capacity 35404K, committed 35456K, reserved 1079296K
  class space    used 4780K, capacity 4983K, committed 4992K, reserved 1048576K
Event: 16.392 GC heap after
Heap after GC invocations=12 (full 2):
 PSYoungGen      total 133120K, used 0K [0x00000000e0000000, 0x00000000ead00000, 0x0000000100000000)
  eden space 121344K, 0% used [0x00000000e0000000,0x00000000e0000000,0x00000000e7680000)
  from space 11776K, 0% used [0x00000000e8200000,0x00000000e8200000,0x00000000e8d80000)
  to   space 11776K, 0% used [0x00000000e7680000,0x00000000e7680000,0x00000000e8200000)
 ParOldGen       total 55296K, used 16477K [0x00000000a0000000, 0x00000000a3600000, 0x00000000e0000000)
  object space 55296K, 29% used [0x00000000a0000000,0x00000000a10177b8,0x00000000a3600000)
 Metaspace       used 34734K, capacity 35404K, committed 35456K, reserved 1079296K
  class space    used 4780K, capacity 4983K, committed 4992K, reserved 1048576K
}
Event: 21.373 GC heap before
{Heap before GC invocations=13 (full 2):
 PSYoungGen      total 133120K, used 121344K [0x00000000e0000000, 0x00000000ead00000, 0x0000000100000000)
  eden space 121344K, 100% used [0x00000000e0000000,0x00000000e7680000,0x00000000e7680000)
  from space 11776K, 0% used [0x00000000e8200000,0x00000000e8200000,0x00000000e8d80000)
  to   space 11776K, 0% used [0x00000000e7680000,0x00000000e7680000,0x00000000e8200000)
 ParOldGen       total 55296K, used 16477K [0x00000000a0000000, 0x00000000a3600000, 0x00000000e0000000)
  object space 55296K, 29% used [0x00000000a0000000,0x00000000a10177b8,0x00000000a3600000)
 Metaspace       used 45371K, capacity 46324K, committed 46592K, reserved 1089536K
  class space    used 6079K, capacity 6340K, committed 6400K, reserved 1048576K
Event: 21.418 GC heap after
Heap after GC invocations=13 (full 2):
 PSYoungGen      total 133120K, used 11760K [0x00000000e0000000, 0x00000000eb000000, 0x0000000100000000)
  eden space 121344K, 0% used [0x00000000e0000000,0x00000000e0000000,0x00000000e7680000)
  from space 11776K, 99% used [0x00000000e7680000,0x00000000e81fc198,0x00000000e8200000)
  to   space 14848K, 0% used [0x00000000ea180000,0x00000000ea180000,0x00000000eb000000)
 ParOldGen       total 55296K, used 20451K [0x00000000a0000000, 0x00000000a3600000, 0x00000000e0000000)
  object space 55296K, 36% used [0x00000000a0000000,0x00000000a13f8e10,0x00000000a3600000)
 Metaspace       used 45371K, capacity 46324K, committed 46592K, reserved 1089536K
  class space    used 6079K, capacity 6340K, committed 6400K, reserved 1048576K
}
Event: 25.632 GC heap before
{Heap before GC invocations=14 (full 2):
 PSYoungGen      total 133120K, used 133104K [0x00000000e0000000, 0x00000000eb000000, 0x0000000100000000)
  eden space 121344K, 100% used [0x00000000e0000000,0x00000000e7680000,0x00000000e7680000)
  from space 11776K, 99% used [0x00000000e7680000,0x00000000e81fc198,0x00000000e8200000)
  to   space 14848K, 0% used [0x00000000ea180000,0x00000000ea180000,0x00000000eb000000)
 ParOldGen       total 55296K, used 20451K [0x00000000a0000000, 0x00000000a3600000, 0x00000000e0000000)
  object space 55296K, 36% used [0x00000000a0000000,0x00000000a13f8e10,0x00000000a3600000)
 Metaspace       used 56104K, capacity 57404K, committed 57600K, reserved 1099776K
  class space    used 7511K, capacity 7849K, committed 7936K, reserved 1048576K
Event: 25.667 GC heap after
Heap after GC invocations=14 (full 2):
 PSYoungGen      total 164352K, used 11404K [0x00000000e0000000, 0x00000000eb180000, 0x0000000100000000)
  eden space 149504K, 0% used [0x00000000e0000000,0x00000000e0000000,0x00000000e9200000)
  from space 14848K, 76% used [0x00000000ea180000,0x00000000eaca31b8,0x00000000eb000000)
  to   space 15872K, 0% used [0x00000000e9200000,0x00000000e9200000,0x00000000ea180000)
 ParOldGen       total 55296K, used 28627K [0x00000000a0000000, 0x00000000a3600000, 0x00000000e0000000)
  object space 55296K, 51% used [0x00000000a0000000,0x00000000a1bf4ea8,0x00000000a3600000)
 Metaspace       used 56104K, capacity 57404K, committed 57600K, reserved 1099776K
  class space    used 7511K, capacity 7849K, committed 7936K, reserved 1048576K
}
Event: 26.091 GC heap before
{Heap before GC invocations=15 (full 2):
 PSYoungGen      total 164352K, used 25622K [0x00000000e0000000, 0x00000000eb180000, 0x0000000100000000)
  eden space 149504K, 9% used [0x00000000e0000000,0x00000000e0de2730,0x00000000e9200000)
  from space 14848K, 76% used [0x00000000ea180000,0x00000000eaca31b8,0x00000000eb000000)
  to   space 15872K, 0% used [0x00000000e9200000,0x00000000e9200000,0x00000000ea180000)
 ParOldGen       total 55296K, used 28627K [0x00000000a0000000, 0x00000000a3600000, 0x00000000e0000000)
  object space 55296K, 51% used [0x00000000a0000000,0x00000000a1bf4ea8,0x00000000a3600000)
 Metaspace       used 57536K, capacity 59004K, committed 59096K, reserved 1099776K
  class space    used 7742K, capacity 8121K, committed 8152K, reserved 1048576K
Event: 26.105 GC heap after
Heap after GC invocations=15 (full 2):
 PSYoungGen      total 165376K, used 5621K [0x00000000e0000000, 0x00000000eb180000, 0x0000000100000000)
  eden space 149504K, 0% used [0x00000000e0000000,0x00000000e0000000,0x00000000e9200000)
  from space 15872K, 35% used [0x00000000e9200000,0x00000000e977d440,0x00000000ea180000)
  to   space 14848K, 0% used [0x00000000ea180000,0x00000000ea180000,0x00000000eb000000)
 ParOldGen       total 55296K, used 28635K [0x00000000a0000000, 0x00000000a3600000, 0x00000000e0000000)
  object space 55296K, 51% used [0x00000000a0000000,0x00000000a1bf6ea8,0x00000000a3600000)
 Metaspace       used 57536K, capacity 59004K, committed 59096K, reserved 1099776K
  class space    used 7742K, capacity 8121K, committed 8152K, reserved 1048576K
}
Event: 26.105 GC heap before
{Heap before GC invocations=16 (full 3):
 PSYoungGen      total 165376K, used 5621K [0x00000000e0000000, 0x00000000eb180000, 0x0000000100000000)
  eden space 149504K, 0% used [0x00000000e0000000,0x00000000e0000000,0x00000000e9200000)
  from space 15872K, 35% used [0x00000000e9200000,0x00000000e977d440,0x00000000ea180000)
  to   space 14848K, 0% used [0x00000000ea180000,0x00000000ea180000,0x00000000eb000000)
 ParOldGen       total 55296K, used 28635K [0x00000000a0000000, 0x00000000a3600000, 0x00000000e0000000)
  object space 55296K, 51% used [0x00000000a0000000,0x00000000a1bf6ea8,0x00000000a3600000)
 Metaspace       used 57536K, capacity 59004K, committed 59096K, reserved 1099776K
  class space    used 7742K, capacity 8121K, committed 8152K, reserved 1048576K
Event: 26.513 GC heap after
Heap after GC invocations=16 (full 3):
 PSYoungGen      total 165376K, used 0K [0x00000000e0000000, 0x00000000eb180000, 0x0000000100000000)
  eden space 149504K, 0% used [0x00000000e0000000,0x00000000e0000000,0x00000000e9200000)
  from space 15872K, 0% used [0x00000000e9200000,0x00000000e9200000,0x00000000ea180000)
  to   space 14848K, 0% used [0x00000000ea180000,0x00000000ea180000,0x00000000eb000000)
 ParOldGen       total 82944K, used 28357K [0x00000000a0000000, 0x00000000a5100000, 0x00000000e0000000)
  object space 82944K, 34% used [0x00000000a0000000,0x00000000a1bb14d8,0x00000000a5100000)
 Metaspace       used 57536K, capacity 59004K, committed 59096K, reserved 1099776K
  class space    used 7742K, capacity 8121K, committed 8152K, reserved 1048576K
}

