# JRE version: OpenJDK Runtime Environment (8.0_152-b01) (build 1.8.0_152-release-1343-b01)
# Java VM: OpenJDK 64-Bit Server VM (25.152-b01 mixed mode windows-amd64 compressed oops)
Heap:
 PSYoungGen      total 71168K, used 31313K [0x00000000edb00000, 0x00000000f4800000, 0x0000000100000000)
  eden space 58368K, 53% used [0x00000000edb00000,0x00000000ef994620,0x00000000f1400000)
  from space 12800K, 0% used [0x00000000f2200000,0x00000000f2200000,0x00000000f2e80000)
  to   space 14336K, 0% used [0x00000000f1400000,0x00000000f1400000,0x00000000f2200000)
 ParOldGen       total 63488K, used 17263K [0x00000000c9000000, 0x00000000cce00000, 0x00000000edb00000)
  object space 63488K, 27% used [0x00000000c9000000,0x00000000ca0dbc40,0x00000000cce00000)
 Metaspace       used 35958K, capacity 36522K, committed 36904K, reserved 1081344K
  class space    used 4570K, capacity 4724K, committed 4784K, reserved 1048576K
GC Heap History (10 events):
Event: 3.569 GC heap before
{Heap before GC invocations=6 (full 1):
 PSYoungGen      total 31744K, used 2032K [0x00000000edb00000, 0x00000000f2500000, 0x0000000100000000)
  eden space 29696K, 0% used [0x00000000edb00000,0x00000000edb00000,0x00000000ef800000)
  from space 2048K, 99% used [0x00000000ef800000,0x00000000ef9fc238,0x00000000efa00000)
  to   space 8192K, 0% used [0x00000000f1d00000,0x00000000f1d00000,0x00000000f2500000)
 ParOldGen       total 38400K, used 16287K [0x00000000c9000000, 0x00000000cb580000, 0x00000000edb00000)
  object space 38400K, 42% used [0x00000000c9000000,0x00000000c9fe7f00,0x00000000cb580000)
 Metaspace       used 20834K, capacity 21196K, committed 21296K, reserved 1067008K
  class space    used 2719K, capacity 2836K, committed 2864K, reserved 1048576K
Event: 3.655 GC heap after
Heap after GC invocations=6 (full 1):
 PSYoungGen      total 31744K, used 0K [0x00000000edb00000, 0x00000000f2500000, 0x0000000100000000)
  eden space 29696K, 0% used [0x00000000edb00000,0x00000000edb00000,0x00000000ef800000)
  from space 2048K, 0% used [0x00000000ef800000,0x00000000ef800000,0x00000000efa00000)
  to   space 8192K, 0% used [0x00000000f1d00000,0x00000000f1d00000,0x00000000f2500000)
 ParOldGen       total 41472K, used 12171K [0x00000000c9000000, 0x00000000cb880000, 0x00000000edb00000)
  object space 41472K, 29% used [0x00000000c9000000,0x00000000c9be2d48,0x00000000cb880000)
 Metaspace       used 20834K, capacity 21196K, committed 21296K, reserved 1067008K
  class space    used 2719K, capacity 2836K, committed 2864K, reserved 1048576K
}
Event: 4.907 GC heap before
{Heap before GC invocations=7 (full 1):
 PSYoungGen      total 31744K, used 29696K [0x00000000edb00000, 0x00000000f2500000, 0x0000000100000000)
  eden space 29696K, 100% used [0x00000000edb00000,0x00000000ef800000,0x00000000ef800000)
  from space 2048K, 0% used [0x00000000ef800000,0x00000000ef800000,0x00000000efa00000)
  to   space 8192K, 0% used [0x00000000f1d00000,0x00000000f1d00000,0x00000000f2500000)
 ParOldGen       total 41472K, used 12171K [0x00000000c9000000, 0x00000000cb880000, 0x00000000edb00000)
  object space 41472K, 29% used [0x00000000c9000000,0x00000000c9be2d48,0x00000000cb880000)
 Metaspace       used 24263K, capacity 24686K, committed 24880K, reserved 1071104K
  class space    used 3190K, capacity 3347K, committed 3376K, reserved 1048576K
Event: 4.929 GC heap after
Heap after GC invocations=7 (full 1):
 PSYoungGen      total 49152K, used 6570K [0x00000000edb00000, 0x00000000f2380000, 0x0000000100000000)
  eden space 42496K, 0% used [0x00000000edb00000,0x00000000edb00000,0x00000000f0480000)
  from space 6656K, 98% used [0x00000000f1d00000,0x00000000f236abb8,0x00000000f2380000)
  to   space 8192K, 0% used [0x00000000f1380000,0x00000000f1380000,0x00000000f1b80000)
 ParOldGen       total 41472K, used 12179K [0x00000000c9000000, 0x00000000cb880000, 0x00000000edb00000)
  object space 41472K, 29% used [0x00000000c9000000,0x00000000c9be4d48,0x00000000cb880000)
 Metaspace       used 24263K, capacity 24686K, committed 24880K, reserved 1071104K
  class space    used 3190K, capacity 3347K, committed 3376K, reserved 1048576K
}
Event: 6.764 GC heap before
{Heap before GC invocations=8 (full 1):
 PSYoungGen      total 49152K, used 49066K [0x00000000edb00000, 0x00000000f2380000, 0x0000000100000000)
  eden space 42496K, 100% used [0x00000000edb00000,0x00000000f0480000,0x00000000f0480000)
  from space 6656K, 98% used [0x00000000f1d00000,0x00000000f236abb8,0x00000000f2380000)
  to   space 8192K, 0% used [0x00000000f1380000,0x00000000f1380000,0x00000000f1b80000)
 ParOldGen       total 41472K, used 12179K [0x00000000c9000000, 0x00000000cb880000, 0x00000000edb00000)
  object space 41472K, 29% used [0x00000000c9000000,0x00000000c9be4d48,0x00000000cb880000)
 Metaspace       used 31108K, capacity 31634K, committed 31920K, reserved 1077248K
  class space    used 4011K, capacity 4155K, committed 4272K, reserved 1048576K
Event: 6.788 GC heap after
Heap after GC invocations=8 (full 1):
 PSYoungGen      total 66048K, used 8187K [0x00000000edb00000, 0x00000000f2e80000, 0x0000000100000000)
  eden space 57856K, 0% used [0x00000000edb00000,0x00000000edb00000,0x00000000f1380000)
  from space 8192K, 99% used [0x00000000f1380000,0x00000000f1b7ef18,0x00000000f1b80000)
  to   space 12800K, 0% used [0x00000000f2200000,0x00000000f2200000,0x00000000f2e80000)
 ParOldGen       total 41472K, used 18992K [0x00000000c9000000, 0x00000000cb880000, 0x00000000edb00000)
  object space 41472K, 45% used [0x00000000c9000000,0x00000000ca28c2f0,0x00000000cb880000)
 Metaspace       used 31108K, capacity 31634K, committed 31920K, reserved 1077248K
  class space    used 4011K, capacity 4155K, committed 4272K, reserved 1048576K
}
Event: 7.781 GC heap before
{Heap before GC invocations=9 (full 1):
 PSYoungGen      total 66048K, used 24291K [0x00000000edb00000, 0x00000000f2e80000, 0x0000000100000000)
  eden space 57856K, 27% used [0x00000000edb00000,0x00000000eeab9e10,0x00000000f1380000)
  from space 8192K, 99% used [0x00000000f1380000,0x00000000f1b7ef18,0x00000000f1b80000)
  to   space 12800K, 0% used [0x00000000f2200000,0x00000000f2200000,0x00000000f2e80000)
 ParOldGen       total 41472K, used 18992K [0x00000000c9000000, 0x00000000cb880000, 0x00000000edb00000)
  object space 41472K, 45% used [0x00000000c9000000,0x00000000ca28c2f0,0x00000000cb880000)
 Metaspace       used 34773K, capacity 35274K, committed 35496K, reserved 1081344K
  class space    used 4468K, capacity 4628K, committed 4656K, reserved 1048576K
Event: 7.805 GC heap after
Heap after GC invocations=9 (full 1):
 PSYoungGen      total 71168K, used 12086K [0x00000000edb00000, 0x00000000f4800000, 0x0000000100000000)
  eden space 58368K, 0% used [0x00000000edb00000,0x00000000edb00000,0x00000000f1400000)
  from space 12800K, 94% used [0x00000000f2200000,0x00000000f2dcdaa8,0x00000000f2e80000)
  to   space 14336K, 0% used [0x00000000f1400000,0x00000000f1400000,0x00000000f2200000)
 ParOldGen       total 41472K, used 19053K [0x00000000c9000000, 0x00000000cb880000, 0x00000000edb00000)
  object space 41472K, 45% used [0x00000000c9000000,0x00000000ca29b750,0x00000000cb880000)
 Metaspace       used 34773K, capacity 35274K, committed 35496K, reserved 1081344K
  class space    used 4468K, capacity 4628K, committed 4656K, reserved 1048576K
}
Event: 7.805 GC heap before
{Heap before GC invocations=10 (full 2):
 PSYoungGen      total 71168K, used 12086K [0x00000000edb00000, 0x00000000f4800000, 0x0000000100000000)
  eden space 58368K, 0% used [0x00000000edb00000,0x00000000edb00000,0x00000000f1400000)
  from space 12800K, 94% used [0x00000000f2200000,0x00000000f2dcdaa8,0x00000000f2e80000)
  to   space 14336K, 0% used [0x00000000f1400000,0x00000000f1400000,0x00000000f2200000)
 ParOldGen       total 41472K, used 19053K [0x00000000c9000000, 0x00000000cb880000, 0x00000000edb00000)
  object space 41472K, 45% used [0x00000000c9000000,0x00000000ca29b750,0x00000000cb880000)
 Metaspace       used 34773K, capacity 35274K, committed 35496K, reserved 1081344K
  class space    used 4468K, capacity 4628K, committed 4656K, reserved 1048576K
Event: 7.959 GC heap after
Heap after GC invocations=10 (full 2):
 PSYoungGen      total 71168K, used 0K [0x00000000edb00000, 0x00000000f4800000, 0x0000000100000000)
  eden space 58368K, 0% used [0x00000000edb00000,0x00000000edb00000,0x00000000f1400000)
  from space 12800K, 0% used [0x00000000f2200000,0x00000000f2200000,0x00000000f2e80000)
  to   space 14336K, 0% used [0x00000000f1400000,0x00000000f1400000,0x00000000f2200000)
 ParOldGen       total 63488K, used 17263K [0x00000000c9000000, 0x00000000cce00000, 0x00000000edb00000)
  object space 63488K, 27% used [0x00000000c9000000,0x00000000ca0dbc40,0x00000000cce00000)
 Metaspace       used 34773K, capacity 35274K, committed 35496K, reserved 1081344K
  class space    used 4468K, capacity 4628K, committed 4656K, reserved 1048576K
}

