# JRE version: OpenJDK Runtime Environment (8.0_152-b01) (build 1.8.0_152-release-1343-b01)
# Java VM: OpenJDK 64-Bit Server VM (25.152-b01 mixed mode windows-amd64 compressed oops)
Heap:
 PSYoungGen      total 181248K, used 32587K [0x00000000e0000000, 0x00000000ef200000, 0x0000000100000000)
  eden space 160768K, 20% used [0x00000000e0000000,0x00000000e1fd2cb0,0x00000000e9d00000)
  from space 20480K, 0% used [0x00000000ebd80000,0x00000000ebd80000,0x00000000ed180000)
  to   space 33280K, 0% used [0x00000000e9d00000,0x00000000e9d00000,0x00000000ebd80000)
 ParOldGen       total 162816K, used 103427K [0x00000000a0000000, 0x00000000a9f00000, 0x00000000e0000000)
  object space 162816K, 63% used [0x00000000a0000000,0x00000000a6500d48,0x00000000a9f00000)
 Metaspace       used 87493K, capacity 90896K, committed 91352K, reserved 1128448K
  class space    used 11552K, capacity 12157K, committed 12248K, reserved 1048576K
GC Heap History (10 events):
Event: 79.431 GC heap before
{Heap before GC invocations=27 (full 3):
 PSYoungGen      total 173056K, used 171788K [0x00000000e0000000, 0x00000000ed180000, 0x0000000100000000)
  eden space 154624K, 100% used [0x00000000e0000000,0x00000000e9700000,0x00000000e9700000)
  from space 18432K, 93% used [0x00000000e9700000,0x00000000ea7c3368,0x00000000ea900000)
  to   space 20480K, 0% used [0x00000000ebd80000,0x00000000ebd80000,0x00000000ed180000)
 ParOldGen       total 84480K, used 52555K [0x00000000a0000000, 0x00000000a5280000, 0x00000000e0000000)
  object space 84480K, 62% used [0x00000000a0000000,0x00000000a3352dd8,0x00000000a5280000)
 Metaspace       used 86962K, capacity 90486K, committed 90584K, reserved 1128448K
  class space    used 11532K, capacity 12174K, committed 12248K, reserved 1048576K
Event: 79.563 GC heap after
Heap after GC invocations=27 (full 3):
 PSYoungGen      total 181248K, used 20478K [0x00000000e0000000, 0x00000000ef200000, 0x0000000100000000)
  eden space 160768K, 0% used [0x00000000e0000000,0x00000000e0000000,0x00000000e9d00000)
  from space 20480K, 99% used [0x00000000ebd80000,0x00000000ed17fb68,0x00000000ed180000)
  to   space 33280K, 0% used [0x00000000e9d00000,0x00000000e9d00000,0x00000000ebd80000)
 ParOldGen       total 84480K, used 77776K [0x00000000a0000000, 0x00000000a5280000, 0x00000000e0000000)
  object space 84480K, 92% used [0x00000000a0000000,0x00000000a4bf40b0,0x00000000a5280000)
 Metaspace       used 86962K, capacity 90486K, committed 90584K, reserved 1128448K
  class space    used 11532K, capacity 12174K, committed 12248K, reserved 1048576K
}
Event: 79.564 GC heap before
{Heap before GC invocations=28 (full 4):
 PSYoungGen      total 181248K, used 20478K [0x00000000e0000000, 0x00000000ef200000, 0x0000000100000000)
  eden space 160768K, 0% used [0x00000000e0000000,0x00000000e0000000,0x00000000e9d00000)
  from space 20480K, 99% used [0x00000000ebd80000,0x00000000ed17fb68,0x00000000ed180000)
  to   space 33280K, 0% used [0x00000000e9d00000,0x00000000e9d00000,0x00000000ebd80000)
 ParOldGen       total 84480K, used 77776K [0x00000000a0000000, 0x00000000a5280000, 0x00000000e0000000)
  object space 84480K, 92% used [0x00000000a0000000,0x00000000a4bf40b0,0x00000000a5280000)
 Metaspace       used 86962K, capacity 90486K, committed 90584K, reserved 1128448K
  class space    used 11532K, capacity 12174K, committed 12248K, reserved 1048576K
Event: 80.919 GC heap after
Heap after GC invocations=28 (full 4):
 PSYoungGen      total 181248K, used 4570K [0x00000000e0000000, 0x00000000ef200000, 0x0000000100000000)
  eden space 160768K, 0% used [0x00000000e0000000,0x00000000e0000000,0x00000000e9d00000)
  from space 20480K, 22% used [0x00000000ebd80000,0x00000000ec1f6808,0x00000000ed180000)
  to   space 33280K, 0% used [0x00000000e9d00000,0x00000000e9d00000,0x00000000ebd80000)
 ParOldGen       total 162816K, used 83915K [0x00000000a0000000, 0x00000000a9f00000, 0x00000000e0000000)
  object space 162816K, 51% used [0x00000000a0000000,0x00000000a51f2c68,0x00000000a9f00000)
 Metaspace       used 86819K, capacity 90102K, committed 90584K, reserved 1128448K
  class space    used 11484K, capacity 12090K, committed 12248K, reserved 1048576K
}
Event: 84.499 GC heap before
{Heap before GC invocations=29 (full 4):
 PSYoungGen      total 181248K, used 162296K [0x00000000e0000000, 0x00000000ef200000, 0x0000000100000000)
  eden space 160768K, 98% used [0x00000000e0000000,0x00000000e9a078e0,0x00000000e9d00000)
  from space 20480K, 22% used [0x00000000ebd80000,0x00000000ec1f6808,0x00000000ed180000)
  to   space 33280K, 0% used [0x00000000e9d00000,0x00000000e9d00000,0x00000000ebd80000)
 ParOldGen       total 162816K, used 83915K [0x00000000a0000000, 0x00000000a9f00000, 0x00000000e0000000)
  object space 162816K, 51% used [0x00000000a0000000,0x00000000a51f2c68,0x00000000a9f00000)
 Metaspace       used 86964K, capacity 90258K, committed 90840K, reserved 1128448K
  class space    used 11490K, capacity 12094K, committed 12248K, reserved 1048576K
Event: 84.568 GC heap after
Heap after GC invocations=29 (full 4):
 PSYoungGen      total 194048K, used 33262K [0x00000000e0000000, 0x00000000ef200000, 0x0000000100000000)
  eden space 160768K, 0% used [0x00000000e0000000,0x00000000e0000000,0x00000000e9d00000)
  from space 33280K, 99% used [0x00000000e9d00000,0x00000000ebd7bbd0,0x00000000ebd80000)
  to   space 20480K, 0% used [0x00000000ebd80000,0x00000000ebd80000,0x00000000ed180000)
 ParOldGen       total 162816K, used 86244K [0x00000000a0000000, 0x00000000a9f00000, 0x00000000e0000000)
  object space 162816K, 52% used [0x00000000a0000000,0x00000000a5439250,0x00000000a9f00000)
 Metaspace       used 86964K, capacity 90258K, committed 90840K, reserved 1128448K
  class space    used 11490K, capacity 12094K, committed 12248K, reserved 1048576K
}
Event: 86.693 GC heap before
{Heap before GC invocations=30 (full 4):
 PSYoungGen      total 194048K, used 194030K [0x00000000e0000000, 0x00000000ef200000, 0x0000000100000000)
  eden space 160768K, 100% used [0x00000000e0000000,0x00000000e9d00000,0x00000000e9d00000)
  from space 33280K, 99% used [0x00000000e9d00000,0x00000000ebd7bbd0,0x00000000ebd80000)
  to   space 20480K, 0% used [0x00000000ebd80000,0x00000000ebd80000,0x00000000ed180000)
 ParOldGen       total 162816K, used 86244K [0x00000000a0000000, 0x00000000a9f00000, 0x00000000e0000000)
  object space 162816K, 52% used [0x00000000a0000000,0x00000000a5439250,0x00000000a9f00000)
 Metaspace       used 87005K, capacity 90258K, committed 90840K, reserved 1128448K
  class space    used 11490K, capacity 12094K, committed 12248K, reserved 1048576K
Event: 86.932 GC heap after
Heap after GC invocations=30 (full 4):
 PSYoungGen      total 181248K, used 20469K [0x00000000e0000000, 0x00000000ef200000, 0x0000000100000000)
  eden space 160768K, 0% used [0x00000000e0000000,0x00000000e0000000,0x00000000e9d00000)
  from space 20480K, 99% used [0x00000000ebd80000,0x00000000ed17d4b0,0x00000000ed180000)
  to   space 33280K, 0% used [0x00000000e9d00000,0x00000000e9d00000,0x00000000ebd80000)
 ParOldGen       total 162816K, used 139622K [0x00000000a0000000, 0x00000000a9f00000, 0x00000000e0000000)
  object space 162816K, 85% used [0x00000000a0000000,0x00000000a8859ba0,0x00000000a9f00000)
 Metaspace       used 87005K, capacity 90258K, committed 90840K, reserved 1128448K
  class space    used 11490K, capacity 12094K, committed 12248K, reserved 1048576K
}
Event: 86.932 GC heap before
{Heap before GC invocations=31 (full 5):
 PSYoungGen      total 181248K, used 20469K [0x00000000e0000000, 0x00000000ef200000, 0x0000000100000000)
  eden space 160768K, 0% used [0x00000000e0000000,0x00000000e0000000,0x00000000e9d00000)
  from space 20480K, 99% used [0x00000000ebd80000,0x00000000ed17d4b0,0x00000000ed180000)
  to   space 33280K, 0% used [0x00000000e9d00000,0x00000000e9d00000,0x00000000ebd80000)
 ParOldGen       total 162816K, used 139622K [0x00000000a0000000, 0x00000000a9f00000, 0x00000000e0000000)
  object space 162816K, 85% used [0x00000000a0000000,0x00000000a8859ba0,0x00000000a9f00000)
 Metaspace       used 87005K, capacity 90258K, committed 90840K, reserved 1128448K
  class space    used 11490K, capacity 12094K, committed 12248K, reserved 1048576K
Event: 87.837 GC heap after
Heap after GC invocations=31 (full 5):
 PSYoungGen      total 181248K, used 0K [0x00000000e0000000, 0x00000000ef200000, 0x0000000100000000)
  eden space 160768K, 0% used [0x00000000e0000000,0x00000000e0000000,0x00000000e9d00000)
  from space 20480K, 0% used [0x00000000ebd80000,0x00000000ebd80000,0x00000000ed180000)
  to   space 33280K, 0% used [0x00000000e9d00000,0x00000000e9d00000,0x00000000ebd80000)
 ParOldGen       total 162816K, used 103427K [0x00000000a0000000, 0x00000000a9f00000, 0x00000000e0000000)
  object space 162816K, 63% used [0x00000000a0000000,0x00000000a6500d48,0x00000000a9f00000)
 Metaspace       used 87005K, capacity 90258K, committed 90840K, reserved 1128448K
  class space    used 11490K, capacity 12094K, committed 12248K, reserved 1048576K
}

