# JRE version: OpenJDK Runtime Environment (8.0_152-b01) (build 1.8.0_152-release-1343-b01)
# Java VM: OpenJDK 64-Bit Server VM (25.152-b01 mixed mode windows-amd64 compressed oops)
Heap:
 PSYoungGen      total 200192K, used 124865K [0x00000000e0000000, 0x00000000ef680000, 0x0000000100000000)
  eden space 173568K, 66% used [0x00000000e0000000,0x00000000e70e3df8,0x00000000ea980000)
  from space 26624K, 34% used [0x00000000ea980000,0x00000000eb28c988,0x00000000ec380000)
  to   space 25600K, 0% used [0x00000000edd80000,0x00000000edd80000,0x00000000ef680000)
 ParOldGen       total 84480K, used 68083K [0x00000000a0000000, 0x00000000a5280000, 0x00000000e0000000)
  object space 84480K, 80% used [0x00000000a0000000,0x00000000a427ce28,0x00000000a5280000)
 Metaspace       used 78467K, capacity 81740K, committed 82072K, reserved 1120256K
  class space    used 10373K, capacity 11072K, committed 11160K, reserved 1048576K
GC Heap History (10 events):
Event: 26.184 GC heap before
{Heap before GC invocations=18 (full 3):
 PSYoungGen      total 142848K, used 9942K [0x00000000e0000000, 0x00000000ebe00000, 0x0000000100000000)
  eden space 129536K, 0% used [0x00000000e0000000,0x00000000e0000000,0x00000000e7e80000)
  from space 13312K, 74% used [0x00000000e7e80000,0x00000000e88359f8,0x00000000e8b80000)
  to   space 13824K, 0% used [0x00000000eb080000,0x00000000eb080000,0x00000000ebe00000)
 ParOldGen       total 54784K, used 29968K [0x00000000a0000000, 0x00000000a3580000, 0x00000000e0000000)
  object space 54784K, 54% used [0x00000000a0000000,0x00000000a1d44210,0x00000000a3580000)
 Metaspace       used 57364K, capacity 58954K, committed 59160K, reserved 1099776K
  class space    used 7697K, capacity 8112K, committed 8216K, reserved 1048576K
Event: 26.626 GC heap after
Heap after GC invocations=18 (full 3):
 PSYoungGen      total 142848K, used 0K [0x00000000e0000000, 0x00000000ebe00000, 0x0000000100000000)
  eden space 129536K, 0% used [0x00000000e0000000,0x00000000e0000000,0x00000000e7e80000)
  from space 13312K, 0% used [0x00000000e7e80000,0x00000000e7e80000,0x00000000e8b80000)
  to   space 13824K, 0% used [0x00000000eb080000,0x00000000eb080000,0x00000000ebe00000)
 ParOldGen       total 84480K, used 32123K [0x00000000a0000000, 0x00000000a5280000, 0x00000000e0000000)
  object space 84480K, 38% used [0x00000000a0000000,0x00000000a1f5ed90,0x00000000a5280000)
 Metaspace       used 57364K, capacity 58954K, committed 59160K, reserved 1099776K
  class space    used 7697K, capacity 8112K, committed 8216K, reserved 1048576K
}
Event: 31.303 GC heap before
{Heap before GC invocations=19 (full 3):
 PSYoungGen      total 142848K, used 129536K [0x00000000e0000000, 0x00000000ebe00000, 0x0000000100000000)
  eden space 129536K, 100% used [0x00000000e0000000,0x00000000e7e80000,0x00000000e7e80000)
  from space 13312K, 0% used [0x00000000e7e80000,0x00000000e7e80000,0x00000000e8b80000)
  to   space 13824K, 0% used [0x00000000eb080000,0x00000000eb080000,0x00000000ebe00000)
 ParOldGen       total 84480K, used 32123K [0x00000000a0000000, 0x00000000a5280000, 0x00000000e0000000)
  object space 84480K, 38% used [0x00000000a0000000,0x00000000a1f5ed90,0x00000000a5280000)
 Metaspace       used 63413K, capacity 65368K, committed 65560K, reserved 1105920K
  class space    used 8685K, capacity 9159K, committed 9240K, reserved 1048576K
Event: 31.335 GC heap after
Heap after GC invocations=19 (full 3):
 PSYoungGen      total 168960K, used 11677K [0x00000000e0000000, 0x00000000ebc00000, 0x0000000100000000)
  eden space 157184K, 0% used [0x00000000e0000000,0x00000000e0000000,0x00000000e9980000)
  from space 11776K, 99% used [0x00000000eb080000,0x00000000ebbe7780,0x00000000ebc00000)
  to   space 15360K, 0% used [0x00000000e9e00000,0x00000000e9e00000,0x00000000ead00000)
 ParOldGen       total 84480K, used 32131K [0x00000000a0000000, 0x00000000a5280000, 0x00000000e0000000)
  object space 84480K, 38% used [0x00000000a0000000,0x00000000a1f60d90,0x00000000a5280000)
 Metaspace       used 63413K, capacity 65368K, committed 65560K, reserved 1105920K
  class space    used 8685K, capacity 9159K, committed 9240K, reserved 1048576K
}
Event: 35.296 GC heap before
{Heap before GC invocations=20 (full 3):
 PSYoungGen      total 168960K, used 168861K [0x00000000e0000000, 0x00000000ebc00000, 0x0000000100000000)
  eden space 157184K, 100% used [0x00000000e0000000,0x00000000e9980000,0x00000000e9980000)
  from space 11776K, 99% used [0x00000000eb080000,0x00000000ebbe7780,0x00000000ebc00000)
  to   space 15360K, 0% used [0x00000000e9e00000,0x00000000e9e00000,0x00000000ead00000)
 ParOldGen       total 84480K, used 32131K [0x00000000a0000000, 0x00000000a5280000, 0x00000000e0000000)
  object space 84480K, 38% used [0x00000000a0000000,0x00000000a1f60d90,0x00000000a5280000)
 Metaspace       used 65458K, capacity 67580K, committed 67864K, reserved 1107968K
  class space    used 8911K, capacity 9405K, committed 9496K, reserved 1048576K
Event: 35.359 GC heap after
Heap after GC invocations=20 (full 3):
 PSYoungGen      total 177152K, used 15336K [0x00000000e0000000, 0x00000000ed700000, 0x0000000100000000)
  eden space 161792K, 0% used [0x00000000e0000000,0x00000000e0000000,0x00000000e9e00000)
  from space 15360K, 99% used [0x00000000e9e00000,0x00000000eacfa030,0x00000000ead00000)
  to   space 19968K, 0% used [0x00000000ec380000,0x00000000ec380000,0x00000000ed700000)
 ParOldGen       total 84480K, used 39339K [0x00000000a0000000, 0x00000000a5280000, 0x00000000e0000000)
  object space 84480K, 46% used [0x00000000a0000000,0x00000000a266ac20,0x00000000a5280000)
 Metaspace       used 65458K, capacity 67580K, committed 67864K, reserved 1107968K
  class space    used 8911K, capacity 9405K, committed 9496K, reserved 1048576K
}
Event: 41.582 GC heap before
{Heap before GC invocations=21 (full 3):
 PSYoungGen      total 177152K, used 177128K [0x00000000e0000000, 0x00000000ed700000, 0x0000000100000000)
  eden space 161792K, 100% used [0x00000000e0000000,0x00000000e9e00000,0x00000000e9e00000)
  from space 15360K, 99% used [0x00000000e9e00000,0x00000000eacfa030,0x00000000ead00000)
  to   space 19968K, 0% used [0x00000000ec380000,0x00000000ec380000,0x00000000ed700000)
 ParOldGen       total 84480K, used 39339K [0x00000000a0000000, 0x00000000a5280000, 0x00000000e0000000)
  object space 84480K, 46% used [0x00000000a0000000,0x00000000a266ac20,0x00000000a5280000)
 Metaspace       used 71876K, capacity 74640K, committed 74776K, reserved 1114112K
  class space    used 9569K, capacity 10181K, committed 10264K, reserved 1048576K
Event: 41.785 GC heap after
Heap after GC invocations=21 (full 3):
 PSYoungGen      total 193536K, used 19962K [0x00000000e0000000, 0x00000000eed80000, 0x0000000100000000)
  eden space 173568K, 0% used [0x00000000e0000000,0x00000000e0000000,0x00000000ea980000)
  from space 19968K, 99% used [0x00000000ec380000,0x00000000ed6fea38,0x00000000ed700000)
  to   space 26624K, 0% used [0x00000000ea980000,0x00000000ea980000,0x00000000ec380000)
 ParOldGen       total 84480K, used 48841K [0x00000000a0000000, 0x00000000a5280000, 0x00000000e0000000)
  object space 84480K, 57% used [0x00000000a0000000,0x00000000a2fb2760,0x00000000a5280000)
 Metaspace       used 71876K, capacity 74640K, committed 74776K, reserved 1114112K
  class space    used 9569K, capacity 10181K, committed 10264K, reserved 1048576K
}
Event: 79.576 GC heap before
{Heap before GC invocations=22 (full 3):
 PSYoungGen      total 193536K, used 193530K [0x00000000e0000000, 0x00000000eed80000, 0x0000000100000000)
  eden space 173568K, 100% used [0x00000000e0000000,0x00000000ea980000,0x00000000ea980000)
  from space 19968K, 99% used [0x00000000ec380000,0x00000000ed6fea38,0x00000000ed700000)
  to   space 26624K, 0% used [0x00000000ea980000,0x00000000ea980000,0x00000000ec380000)
 ParOldGen       total 84480K, used 48841K [0x00000000a0000000, 0x00000000a5280000, 0x00000000e0000000)
  object space 84480K, 57% used [0x00000000a0000000,0x00000000a2fb2760,0x00000000a5280000)
 Metaspace       used 75003K, capacity 78164K, committed 78232K, reserved 1116160K
  class space    used 9933K, capacity 10627K, committed 10648K, reserved 1048576K
Event: 79.890 GC heap after
Heap after GC invocations=22 (full 3):
 PSYoungGen      total 200192K, used 9266K [0x00000000e0000000, 0x00000000ef680000, 0x0000000100000000)
  eden space 173568K, 0% used [0x00000000e0000000,0x00000000e0000000,0x00000000ea980000)
  from space 26624K, 34% used [0x00000000ea980000,0x00000000eb28c988,0x00000000ec380000)
  to   space 25600K, 0% used [0x00000000edd80000,0x00000000edd80000,0x00000000ef680000)
 ParOldGen       total 84480K, used 68083K [0x00000000a0000000, 0x00000000a5280000, 0x00000000e0000000)
  object space 84480K, 80% used [0x00000000a0000000,0x00000000a427ce28,0x00000000a5280000)
 Metaspace       used 75003K, capacity 78164K, committed 78232K, reserved 1116160K
  class space    used 9933K, capacity 10627K, committed 10648K, reserved 1048576K
}

