# JRE version: OpenJDK Runtime Environment (8.0_152-b01) (build 1.8.0_152-release-1343-b01)
# Java VM: OpenJDK 64-Bit Server VM (25.152-b01 mixed mode windows-amd64 compressed oops)
Heap:
 PSYoungGen      total 172032K, used 49112K [0x00000000e0000000, 0x00000000ee300000, 0x0000000100000000)
  eden space 133632K, 12% used [0x00000000e0000000,0x00000000e1043f68,0x00000000e8280000)
  from space 38400K, 84% used [0x00000000e8280000,0x00000000ea2321e0,0x00000000ea800000)
  to   space 42496K, 0% used [0x00000000eb980000,0x00000000eb980000,0x00000000ee300000)
 ParOldGen       total 133120K, used 58573K [0x00000000a0000000, 0x00000000a8200000, 0x00000000e0000000)
  object space 133120K, 44% used [0x00000000a0000000,0x00000000a3933430,0x00000000a8200000)
 Metaspace       used 107197K, capacity 113022K, committed 113240K, reserved 1148928K
  class space    used 13599K, capacity 14616K, committed 14680K, reserved 1048576K
GC Heap History (10 events):
Event: 4940.927 GC heap before
{Heap before GC invocations=41 (full 4):
 PSYoungGen      total 151552K, used 126283K [0x00000000e0000000, 0x00000000eb600000, 0x0000000100000000)
  eden space 119808K, 99% used [0x00000000e0000000,0x00000000e74f8af8,0x00000000e7500000)
  from space 31744K, 20% used [0x00000000e9700000,0x00000000e9d5a168,0x00000000eb600000)
  to   space 33280K, 0% used [0x00000000e7500000,0x00000000e7500000,0x00000000e9580000)
 ParOldGen       total 133120K, used 56019K [0x00000000a0000000, 0x00000000a8200000, 0x00000000e0000000)
  object space 133120K, 42% used [0x00000000a0000000,0x00000000a36b4d60,0x00000000a8200000)
 Metaspace       used 96050K, capacity 100722K, committed 100824K, reserved 1136640K
  class space    used 12182K, capacity 12994K, committed 13016K, reserved 1048576K
Event: 4940.991 GC heap after
Heap after GC invocations=41 (full 4):
 PSYoungGen      total 153088K, used 9395K [0x00000000e0000000, 0x00000000eb700000, 0x0000000100000000)
  eden space 119808K, 0% used [0x00000000e0000000,0x00000000e0000000,0x00000000e7500000)
  from space 33280K, 28% used [0x00000000e7500000,0x00000000e7e2ccc8,0x00000000e9580000)
  to   space 31744K, 0% used [0x00000000e9800000,0x00000000e9800000,0x00000000eb700000)
 ParOldGen       total 133120K, used 56027K [0x00000000a0000000, 0x00000000a8200000, 0x00000000e0000000)
  object space 133120K, 42% used [0x00000000a0000000,0x00000000a36b6d60,0x00000000a8200000)
 Metaspace       used 96050K, capacity 100722K, committed 100824K, reserved 1136640K
  class space    used 12182K, capacity 12994K, committed 13016K, reserved 1048576K
}
Event: 5341.840 GC heap before
{Heap before GC invocations=42 (full 4):
 PSYoungGen      total 153088K, used 129203K [0x00000000e0000000, 0x00000000eb700000, 0x0000000100000000)
  eden space 119808K, 100% used [0x00000000e0000000,0x00000000e7500000,0x00000000e7500000)
  from space 33280K, 28% used [0x00000000e7500000,0x00000000e7e2ccc8,0x00000000e9580000)
  to   space 31744K, 0% used [0x00000000e9800000,0x00000000e9800000,0x00000000eb700000)
 ParOldGen       total 133120K, used 56027K [0x00000000a0000000, 0x00000000a8200000, 0x00000000e0000000)
  object space 133120K, 42% used [0x00000000a0000000,0x00000000a36b6d60,0x00000000a8200000)
 Metaspace       used 100513K, capacity 105434K, committed 105560K, reserved 1140736K
  class space    used 12746K, capacity 13586K, committed 13656K, reserved 1048576K
Event: 5341.947 GC heap after
Heap after GC invocations=42 (full 4):
 PSYoungGen      total 150528K, used 12968K [0x00000000e0000000, 0x00000000eb300000, 0x0000000100000000)
  eden space 122880K, 0% used [0x00000000e0000000,0x00000000e0000000,0x00000000e7800000)
  from space 27648K, 46% used [0x00000000e9800000,0x00000000ea4aa038,0x00000000eb300000)
  to   space 30208K, 0% used [0x00000000e7800000,0x00000000e7800000,0x00000000e9580000)
 ParOldGen       total 133120K, used 56035K [0x00000000a0000000, 0x00000000a8200000, 0x00000000e0000000)
  object space 133120K, 42% used [0x00000000a0000000,0x00000000a36b8d60,0x00000000a8200000)
 Metaspace       used 100513K, capacity 105434K, committed 105560K, reserved 1140736K
  class space    used 12746K, capacity 13586K, committed 13656K, reserved 1048576K
}
Event: 5344.126 GC heap before
{Heap before GC invocations=43 (full 4):
 PSYoungGen      total 150528K, used 135848K [0x00000000e0000000, 0x00000000eb300000, 0x0000000100000000)
  eden space 122880K, 100% used [0x00000000e0000000,0x00000000e7800000,0x00000000e7800000)
  from space 27648K, 46% used [0x00000000e9800000,0x00000000ea4aa038,0x00000000eb300000)
  to   space 30208K, 0% used [0x00000000e7800000,0x00000000e7800000,0x00000000e9580000)
 ParOldGen       total 133120K, used 56035K [0x00000000a0000000, 0x00000000a8200000, 0x00000000e0000000)
  object space 133120K, 42% used [0x00000000a0000000,0x00000000a36b8d60,0x00000000a8200000)
 Metaspace       used 101243K, capacity 106450K, committed 106584K, reserved 1142784K
  class space    used 12858K, capacity 13824K, committed 13912K, reserved 1048576K
Event: 5344.332 GC heap after
Heap after GC invocations=43 (full 4):
 PSYoungGen      total 153088K, used 23312K [0x00000000e0000000, 0x00000000ec780000, 0x0000000100000000)
  eden space 122880K, 0% used [0x00000000e0000000,0x00000000e0000000,0x00000000e7800000)
  from space 30208K, 77% used [0x00000000e7800000,0x00000000e8ec43f0,0x00000000e9580000)
  to   space 32256K, 0% used [0x00000000ea800000,0x00000000ea800000,0x00000000ec780000)
 ParOldGen       total 133120K, used 56035K [0x00000000a0000000, 0x00000000a8200000, 0x00000000e0000000)
  object space 133120K, 42% used [0x00000000a0000000,0x00000000a36b8d60,0x00000000a8200000)
 Metaspace       used 101243K, capacity 106450K, committed 106584K, reserved 1142784K
  class space    used 12858K, capacity 13824K, committed 13912K, reserved 1048576K
}
Event: 5355.794 GC heap before
{Heap before GC invocations=44 (full 4):
 PSYoungGen      total 153088K, used 146192K [0x00000000e0000000, 0x00000000ec780000, 0x0000000100000000)
  eden space 122880K, 100% used [0x00000000e0000000,0x00000000e7800000,0x00000000e7800000)
  from space 30208K, 77% used [0x00000000e7800000,0x00000000e8ec43f0,0x00000000e9580000)
  to   space 32256K, 0% used [0x00000000ea800000,0x00000000ea800000,0x00000000ec780000)
 ParOldGen       total 133120K, used 56035K [0x00000000a0000000, 0x00000000a8200000, 0x00000000e0000000)
  object space 133120K, 42% used [0x00000000a0000000,0x00000000a36b8d60,0x00000000a8200000)
 Metaspace       used 105604K, capacity 110940K, committed 111192K, reserved 1146880K
  class space    used 13414K, capacity 14383K, committed 14424K, reserved 1048576K
Event: 5355.926 GC heap after
Heap after GC invocations=44 (full 4):
 PSYoungGen      total 165888K, used 32247K [0x00000000e0000000, 0x00000000ed200000, 0x0000000100000000)
  eden space 133632K, 0% used [0x00000000e0000000,0x00000000e0000000,0x00000000e8280000)
  from space 32256K, 99% used [0x00000000ea800000,0x00000000ec77dc50,0x00000000ec780000)
  to   space 38400K, 0% used [0x00000000e8280000,0x00000000e8280000,0x00000000ea800000)
 ParOldGen       total 133120K, used 58565K [0x00000000a0000000, 0x00000000a8200000, 0x00000000e0000000)
  object space 133120K, 43% used [0x00000000a0000000,0x00000000a3931430,0x00000000a8200000)
 Metaspace       used 105604K, capacity 110940K, committed 111192K, reserved 1146880K
  class space    used 13414K, capacity 14383K, committed 14424K, reserved 1048576K
}
Event: 5373.859 GC heap before
{Heap before GC invocations=45 (full 4):
 PSYoungGen      total 165888K, used 165879K [0x00000000e0000000, 0x00000000ed200000, 0x0000000100000000)
  eden space 133632K, 100% used [0x00000000e0000000,0x00000000e8280000,0x00000000e8280000)
  from space 32256K, 99% used [0x00000000ea800000,0x00000000ec77dc50,0x00000000ec780000)
  to   space 38400K, 0% used [0x00000000e8280000,0x00000000e8280000,0x00000000ea800000)
 ParOldGen       total 133120K, used 58565K [0x00000000a0000000, 0x00000000a8200000, 0x00000000e0000000)
  object space 133120K, 43% used [0x00000000a0000000,0x00000000a3931430,0x00000000a8200000)
 Metaspace       used 107136K, capacity 112862K, committed 112984K, reserved 1146880K
  class space    used 13590K, capacity 14600K, committed 14680K, reserved 1048576K
Event: 5373.962 GC heap after
Heap after GC invocations=45 (full 4):
 PSYoungGen      total 172032K, used 32456K [0x00000000e0000000, 0x00000000ee300000, 0x0000000100000000)
  eden space 133632K, 0% used [0x00000000e0000000,0x00000000e0000000,0x00000000e8280000)
  from space 38400K, 84% used [0x00000000e8280000,0x00000000ea2321e0,0x00000000ea800000)
  to   space 42496K, 0% used [0x00000000eb980000,0x00000000eb980000,0x00000000ee300000)
 ParOldGen       total 133120K, used 58573K [0x00000000a0000000, 0x00000000a8200000, 0x00000000e0000000)
  object space 133120K, 44% used [0x00000000a0000000,0x00000000a3933430,0x00000000a8200000)
 Metaspace       used 107136K, capacity 112862K, committed 112984K, reserved 1146880K
  class space    used 13590K, capacity 14600K, committed 14680K, reserved 1048576K
}

